635374 147021 509
689974 955118 525
91704 839341 525
148035 750896 509
586261 825039 509
195524 156032 383
506469 922322 525
45494 817331 509
692949 105553 509
446105 189972 449
623947 725947 509
418797 28160 449
541358 208011 470
918395 180151 525
198619 53726 383
647978 447938 509
438523 13353 449
136858 607554 470
9512 912190 525
753891 506276 509
159638 726290 509
577959 153104 470
632348 865826 525
35261 821075 509
845853 753838 525
840000 142489 525
457094 137385 449
945659 735662 525
627306 964226 525
645839 844459 525
220385 913858 525
459207 992469 525
975876 779942 525
899374 568527 525
902157 217751 525
437521 866585 525
125050 246282 443
962658 113252 525
406866 671994 509
750685 622537 509
552629 859721 525
559580 936388 525
101654 369948 443
553306 995633 525
994307 264217 525
9818 279721 443
768367 592566 509
30607 900426 525
341587 438677 449
507551 740959 509
242917 518343 470
250929 321207 407
877508 165638 525
378831 794407 509
204906 454965 449
627183 981706 525
349727 784672 509
921375 311291 525
757403 826751 468
229093 650579 509
160271 4533 383
218287 16671 386
807203 905208 525
629838 986678 525
223957 751082 509
562500 666077 509
600220 130553 470
622078 206602 470
765069 726789 424
817401 12487 509
587111 428135 470
196490 387209 443
723401 251359 509
676873 50199 509
237357 941142 525
486220 305313 449
819877 491944 509
846226 711384 525
655860 975669 525
932837 484119 525
97107 568649 470
105722 710426 509
833139 818740 450
639886 943409 525
648298 9835 509
478952 124278 449
6260 449571 449
882906 709324 525
270928 44787 443
677324 262602 509
219004 491130 449
882441 221953 525
255247 200885 443
173239 829400 509
615008 265838 470
554525 560612 390
674140 4405 509
479168 721778 509
756699 44386 509
812566 563726 509
525488 232057 470
953524 989039 458
996897 906140 507
442331 723641 509
845595 461347 525
1 1 1
1 999999 525
999999 999999 259
         50440133 function calls (50440132 primitive calls) in 14.009 seconds

   Ordered by: standard name

   ncalls  tottime  percall  cumtime  percall filename:lineno(function)
        1    0.000    0.000    0.000    0.000 <frozen importlib._bootstrap>:119(release)
        1    0.000    0.000    0.000    0.000 <frozen importlib._bootstrap>:159(__init__)
        1    0.000    0.000    0.000    0.000 <frozen importlib._bootstrap>:163(__enter__)
        1    0.000    0.000    0.000    0.000 <frozen importlib._bootstrap>:170(__exit__)
        1    0.000    0.000    0.000    0.000 <frozen importlib._bootstrap>:176(_get_module_lock)
        1    0.000    0.000    0.000    0.000 <frozen importlib._bootstrap>:190(cb)
        1    0.000    0.000    0.000    0.000 <frozen importlib._bootstrap>:214(_call_with_frames_removed)
        1    0.000    0.000    0.000    0.000 <frozen importlib._bootstrap>:225(_verbose_message)
        1    0.000    0.000    0.000    0.000 <frozen importlib._bootstrap>:310(__init__)
        1    0.000    0.000    0.000    0.000 <frozen importlib._bootstrap>:314(__enter__)
        1    0.000    0.000    0.000    0.000 <frozen importlib._bootstrap>:321(__exit__)
        4    0.000    0.000    0.000    0.000 <frozen importlib._bootstrap>:324(<genexpr>)
        1    0.000    0.000    0.000    0.000 <frozen importlib._bootstrap>:35(_new_module)
        1    0.000    0.000    0.000    0.000 <frozen importlib._bootstrap>:372(__init__)
        2    0.000    0.000    0.000    0.000 <frozen importlib._bootstrap>:406(cached)
        1    0.000    0.000    0.000    0.000 <frozen importlib._bootstrap>:419(parent)
        1    0.000    0.000    0.000    0.000 <frozen importlib._bootstrap>:427(has_location)
        1    0.000    0.000    0.000    0.000 <frozen importlib._bootstrap>:510(_init_module_attrs)
        1    0.000    0.000    0.000    0.000 <frozen importlib._bootstrap>:570(module_from_spec)
        1    0.000    0.000    0.001    0.001 <frozen importlib._bootstrap>:659(_load_unlocked)
        1    0.000    0.000    0.000    0.000 <frozen importlib._bootstrap>:716(find_spec)
        1    0.000    0.000    0.000    0.000 <frozen importlib._bootstrap>:74(__init__)
        1    0.000    0.000    0.000    0.000 <frozen importlib._bootstrap>:789(find_spec)
        3    0.000    0.000    0.000    0.000 <frozen importlib._bootstrap>:852(__enter__)
        3    0.000    0.000    0.000    0.000 <frozen importlib._bootstrap>:856(__exit__)
        1    0.000    0.000    0.000    0.000 <frozen importlib._bootstrap>:879(_find_spec)
        1    0.000    0.000    0.002    0.002 <frozen importlib._bootstrap>:939(_find_and_load_unlocked)
        1    0.000    0.000    0.000    0.000 <frozen importlib._bootstrap>:94(acquire)
        1    0.000    0.000    0.002    0.002 <frozen importlib._bootstrap>:966(_find_and_load)
        1    0.000    0.000    0.000    0.000 <frozen importlib._bootstrap>:996(_handle_fromlist)
        1    0.000    0.000    0.000    0.000 <frozen importlib._bootstrap_external>:1064(_path_importer_cache)
        1    0.000    0.000    0.000    0.000 <frozen importlib._bootstrap_external>:1101(_get_spec)
        1    0.000    0.000    0.000    0.000 <frozen importlib._bootstrap_external>:1133(find_spec)
        1    0.000    0.000    0.000    0.000 <frozen importlib._bootstrap_external>:1210(_get_spec)
        1    0.000    0.000    0.000    0.000 <frozen importlib._bootstrap_external>:1215(find_spec)
        2    0.000    0.000    0.000    0.000 <frozen importlib._bootstrap_external>:246(cache_from_source)
        1    0.000    0.000    0.000    0.000 <frozen importlib._bootstrap_external>:34(_relax_case)
        1    0.000    0.000    0.000    0.000 <frozen importlib._bootstrap_external>:342(_get_cached)
        6    0.000    0.000    0.000    0.000 <frozen importlib._bootstrap_external>:366(_verbose_message)
        1    0.000    0.000    0.000    0.000 <frozen importlib._bootstrap_external>:382(_check_name_wrapper)
        1    0.000    0.000    0.000    0.000 <frozen importlib._bootstrap_external>:419(_validate_bytecode_header)
        2    0.000    0.000    0.000    0.000 <frozen importlib._bootstrap_external>:45(_r_long)
        1    0.000    0.000    0.000    0.000 <frozen importlib._bootstrap_external>:474(_compile_bytecode)
        6    0.000    0.000    0.000    0.000 <frozen importlib._bootstrap_external>:50(_path_join)
        1    0.000    0.000    0.000    0.000 <frozen importlib._bootstrap_external>:513(spec_from_file_location)
        6    0.000    0.000    0.000    0.000 <frozen importlib._bootstrap_external>:52(<listcomp>)
        2    0.000    0.000    0.000    0.000 <frozen importlib._bootstrap_external>:56(_path_split)
        1    0.000    0.000    0.000    0.000 <frozen importlib._bootstrap_external>:656(create_module)
        1    0.000    0.000    0.001    0.001 <frozen importlib._bootstrap_external>:659(exec_module)
        3    0.000    0.000    0.000    0.000 <frozen importlib._bootstrap_external>:68(_path_stat)
        1    0.000    0.000    0.001    0.001 <frozen importlib._bootstrap_external>:729(get_code)
        1    0.000    0.000    0.000    0.000 <frozen importlib._bootstrap_external>:78(_path_is_mode_type)
        1    0.000    0.000    0.000    0.000 <frozen importlib._bootstrap_external>:786(__init__)
        1    0.000    0.000    0.000    0.000 <frozen importlib._bootstrap_external>:811(get_filename)
        1    0.001    0.001    0.001    0.001 <frozen importlib._bootstrap_external>:816(get_data)
        1    0.000    0.000    0.000    0.000 <frozen importlib._bootstrap_external>:826(path_stats)
        1    0.000    0.000    0.000    0.000 <frozen importlib._bootstrap_external>:87(_path_isfile)
        1    0.000    0.000    0.000    0.000 Collatz.py:14(<module>)
      108    0.000    0.000    0.000    0.000 Collatz.py:14(collatz_read)
      108   11.999    0.111   14.006    0.130 Collatz.py:28(collatz_eval)
      108    0.001    0.000    0.001    0.000 Collatz.py:74(collatz_print)
        1    0.000    0.000   14.008   14.008 Collatz.py:89(collatz_solve)
        1    0.000    0.000   14.009   14.009 RunCollatz.py:13(<module>)
        2    0.000    0.000    0.000    0.000 codecs.py:318(decode)
        2    0.000    0.000    0.000    0.000 {built-in method _codecs.utf_8_decode}
        1    0.000    0.000    0.000    0.000 {built-in method _imp._fix_co_filename}
        3    0.000    0.000    0.000    0.000 {built-in method _imp.acquire_lock}
        1    0.000    0.000    0.000    0.000 {built-in method _imp.is_builtin}
        1    0.000    0.000    0.000    0.000 {built-in method _imp.is_frozen}
        4    0.000    0.000    0.000    0.000 {built-in method _imp.release_lock}
        2    0.000    0.000    0.000    0.000 {built-in method _thread.allocate_lock}
        2    0.000    0.000    0.000    0.000 {built-in method _thread.get_ident}
        1    0.000    0.000    0.000    0.000 {built-in method builtins.any}
      2/1    0.000    0.000   14.009   14.009 {built-in method builtins.exec}
        6    0.000    0.000    0.000    0.000 {built-in method builtins.getattr}
        4    0.000    0.000    0.000    0.000 {built-in method builtins.hasattr}
        2    0.000    0.000    0.000    0.000 {built-in method builtins.isinstance}
        4    0.000    0.000    0.000    0.000 {built-in method builtins.len}
      108    0.000    0.000    0.000    0.000 {built-in method builtins.max}
      108    0.000    0.000    0.000    0.000 {built-in method builtins.min}
        2    0.000    0.000    0.000    0.000 {built-in method from_bytes}
        1    0.000    0.000    0.000    0.000 {built-in method marshal.loads}
        1    0.000    0.000    0.000    0.000 {built-in method posix.getcwd}
        3    0.000    0.000    0.000    0.000 {built-in method posix.stat}
        1    0.000    0.000    0.000    0.000 {method 'disable' of '_lsprof.Profiler' objects}
        1    0.000    0.000    0.000    0.000 {method 'endswith' of 'str' objects}
        4    0.000    0.000    0.000    0.000 {method 'format' of 'str' objects}
        8    0.000    0.000    0.000    0.000 {method 'join' of 'str' objects}
 50439209    2.007    0.000    2.007    0.000 {method 'keys' of 'dict' objects}
        1    0.000    0.000    0.000    0.000 {method 'read' of '_io.FileIO' objects}
        7    0.000    0.000    0.000    0.000 {method 'rpartition' of 'str' objects}
       14    0.000    0.000    0.000    0.000 {method 'rstrip' of 'str' objects}
      108    0.000    0.000    0.000    0.000 {method 'split' of 'str' objects}
      108    0.000    0.000    0.000    0.000 {method 'write' of '_io.TextIOWrapper' objects}


